mode: set
github.com/openloadbalancer/olb/internal/conn/conn.go:29.76,38.2 1 1
github.com/openloadbalancer/olb/internal/conn/conn.go:41.35,43.2 1 1
github.com/openloadbalancer/olb/internal/conn/conn.go:46.45,48.2 1 1
github.com/openloadbalancer/olb/internal/conn/conn.go:51.42,53.2 1 1
github.com/openloadbalancer/olb/internal/conn/conn.go:56.47,58.2 1 1
github.com/openloadbalancer/olb/internal/conn/conn.go:61.39,63.2 1 1
github.com/openloadbalancer/olb/internal/conn/conn.go:66.40,68.2 1 1
github.com/openloadbalancer/olb/internal/conn/conn.go:71.39,73.2 1 1
github.com/openloadbalancer/olb/internal/conn/conn.go:76.57,78.11 2 1
github.com/openloadbalancer/olb/internal/conn/conn.go:78.11,80.3 1 1
github.com/openloadbalancer/olb/internal/conn/conn.go:81.2,81.15 1 1
github.com/openloadbalancer/olb/internal/conn/conn.go:85.58,87.11 2 1
github.com/openloadbalancer/olb/internal/conn/conn.go:87.11,89.3 1 1
github.com/openloadbalancer/olb/internal/conn/conn.go:90.2,90.15 1 1
github.com/openloadbalancer/olb/internal/conn/conn.go:94.37,95.42 1 1
github.com/openloadbalancer/olb/internal/conn/conn.go:95.42,96.23 1 1
github.com/openloadbalancer/olb/internal/conn/conn.go:96.23,98.4 1 1
github.com/openloadbalancer/olb/internal/conn/conn.go:99.3,99.24 1 1
github.com/openloadbalancer/olb/internal/conn/conn.go:101.2,101.12 1 1
github.com/openloadbalancer/olb/internal/conn/conn.go:105.37,116.2 1 1
github.com/openloadbalancer/olb/internal/conn/conn.go:169.30,176.2 1 1
github.com/openloadbalancer/olb/internal/conn/conn.go:179.42,180.19 1 1
github.com/openloadbalancer/olb/internal/conn/conn.go:180.19,182.3 1 1
github.com/openloadbalancer/olb/internal/conn/conn.go:184.2,192.3 1 1
github.com/openloadbalancer/olb/internal/conn/conn.go:197.63,200.16 3 1
github.com/openloadbalancer/olb/internal/conn/conn.go:200.16,202.3 1 1
github.com/openloadbalancer/olb/internal/conn/conn.go:204.2,208.68 3 1
github.com/openloadbalancer/olb/internal/conn/conn.go:208.68,211.3 2 1
github.com/openloadbalancer/olb/internal/conn/conn.go:214.2,214.66 1 1
github.com/openloadbalancer/olb/internal/conn/conn.go:214.66,217.3 2 1
github.com/openloadbalancer/olb/internal/conn/conn.go:220.2,223.45 2 1
github.com/openloadbalancer/olb/internal/conn/conn.go:223.45,225.3 1 1
github.com/openloadbalancer/olb/internal/conn/conn.go:228.2,232.21 4 1
github.com/openloadbalancer/olb/internal/conn/conn.go:236.57,240.44 3 1
github.com/openloadbalancer/olb/internal/conn/conn.go:240.44,243.38 3 1
github.com/openloadbalancer/olb/internal/conn/conn.go:243.38,245.4 1 1
github.com/openloadbalancer/olb/internal/conn/conn.go:248.3,249.38 2 1
github.com/openloadbalancer/olb/internal/conn/conn.go:249.38,250.21 1 1
github.com/openloadbalancer/olb/internal/conn/conn.go:250.21,252.10 2 0
github.com/openloadbalancer/olb/internal/conn/conn.go:255.3,255.22 1 1
github.com/openloadbalancer/olb/internal/conn/conn.go:255.22,257.39 2 0
github.com/openloadbalancer/olb/internal/conn/conn.go:257.39,259.5 1 0
github.com/openloadbalancer/olb/internal/conn/conn.go:262.3,262.23 1 1
github.com/openloadbalancer/olb/internal/conn/conn.go:267.75,272.13 4 1
github.com/openloadbalancer/olb/internal/conn/conn.go:272.13,274.3 1 1
github.com/openloadbalancer/olb/internal/conn/conn.go:277.2,277.74 1 1
github.com/openloadbalancer/olb/internal/conn/conn.go:277.74,279.3 1 1
github.com/openloadbalancer/olb/internal/conn/conn.go:282.2,283.24 2 1
github.com/openloadbalancer/olb/internal/conn/conn.go:283.24,285.41 2 1
github.com/openloadbalancer/olb/internal/conn/conn.go:285.41,287.4 1 1
github.com/openloadbalancer/olb/internal/conn/conn.go:291.2,294.12 3 1
github.com/openloadbalancer/olb/internal/conn/conn.go:298.35,300.2 1 1
github.com/openloadbalancer/olb/internal/conn/conn.go:303.48,308.37 4 1
github.com/openloadbalancer/olb/internal/conn/conn.go:308.37,311.3 2 1
github.com/openloadbalancer/olb/internal/conn/conn.go:312.2,312.15 1 1
github.com/openloadbalancer/olb/internal/conn/conn.go:316.37,320.2 3 1
github.com/openloadbalancer/olb/internal/conn/conn.go:323.38,325.2 1 1
github.com/openloadbalancer/olb/internal/conn/conn.go:328.54,332.2 3 1
github.com/openloadbalancer/olb/internal/conn/conn.go:335.54,339.2 3 1
github.com/openloadbalancer/olb/internal/conn/conn.go:342.52,344.40 2 1
github.com/openloadbalancer/olb/internal/conn/conn.go:344.40,346.26 2 1
github.com/openloadbalancer/olb/internal/conn/conn.go:346.26,348.4 1 1
github.com/openloadbalancer/olb/internal/conn/conn.go:351.2,357.6 5 1
github.com/openloadbalancer/olb/internal/conn/conn.go:357.6,358.10 1 1
github.com/openloadbalancer/olb/internal/conn/conn.go:359.21,360.20 1 1
github.com/openloadbalancer/olb/internal/conn/conn.go:361.18,362.38 1 1
github.com/openloadbalancer/olb/internal/conn/conn.go:363.19,364.28 1 1
github.com/openloadbalancer/olb/internal/conn/conn.go:364.28,366.5 1 1
github.com/openloadbalancer/olb/internal/conn/conn.go:372.30,375.37 3 1
github.com/openloadbalancer/olb/internal/conn/conn.go:375.37,377.3 1 1
github.com/openloadbalancer/olb/internal/conn/conn.go:378.2,380.29 2 1
github.com/openloadbalancer/olb/internal/conn/conn.go:380.29,382.3 1 1
github.com/openloadbalancer/olb/internal/conn/conn.go:386.57,390.2 3 1
github.com/openloadbalancer/olb/internal/conn/pool.go:55.38,62.2 1 1
github.com/openloadbalancer/olb/internal/conn/pool.go:65.40,66.19 1 1
github.com/openloadbalancer/olb/internal/conn/pool.go:66.19,68.3 1 1
github.com/openloadbalancer/olb/internal/conn/pool.go:70.2,78.3 1 1
github.com/openloadbalancer/olb/internal/conn/pool.go:83.59,87.14 3 1
github.com/openloadbalancer/olb/internal/conn/pool.go:87.14,89.3 1 1
github.com/openloadbalancer/olb/internal/conn/pool.go:92.2,92.22 1 1
github.com/openloadbalancer/olb/internal/conn/pool.go:92.22,97.51 3 1
github.com/openloadbalancer/olb/internal/conn/pool.go:97.51,100.12 2 1
github.com/openloadbalancer/olb/internal/conn/pool.go:103.3,106.19 4 1
github.com/openloadbalancer/olb/internal/conn/pool.go:110.2,114.16 4 1
github.com/openloadbalancer/olb/internal/conn/pool.go:114.16,117.3 2 1
github.com/openloadbalancer/olb/internal/conn/pool.go:119.2,128.18 5 1
github.com/openloadbalancer/olb/internal/conn/pool.go:133.35,135.9 2 1
github.com/openloadbalancer/olb/internal/conn/pool.go:135.9,139.3 2 1
github.com/openloadbalancer/olb/internal/conn/pool.go:141.2,146.88 4 1
github.com/openloadbalancer/olb/internal/conn/pool.go:146.88,150.3 2 1
github.com/openloadbalancer/olb/internal/conn/pool.go:152.2,154.29 3 1
github.com/openloadbalancer/olb/internal/conn/pool.go:158.60,163.2 2 1
github.com/openloadbalancer/olb/internal/conn/pool.go:166.30,170.14 3 1
github.com/openloadbalancer/olb/internal/conn/pool.go:170.14,172.3 1 1
github.com/openloadbalancer/olb/internal/conn/pool.go:174.2,177.30 2 1
github.com/openloadbalancer/olb/internal/conn/pool.go:177.30,179.3 1 1
github.com/openloadbalancer/olb/internal/conn/pool.go:180.2,182.12 2 1
github.com/openloadbalancer/olb/internal/conn/pool.go:186.34,199.2 3 1
github.com/openloadbalancer/olb/internal/conn/pool.go:221.77,222.62 1 1
github.com/openloadbalancer/olb/internal/conn/pool.go:222.62,224.3 1 1
github.com/openloadbalancer/olb/internal/conn/pool.go:225.2,225.61 1 1
github.com/openloadbalancer/olb/internal/conn/pool.go:225.61,227.3 1 1
github.com/openloadbalancer/olb/internal/conn/pool.go:228.2,228.14 1 1
github.com/openloadbalancer/olb/internal/conn/pool.go:232.36,233.19 1 1
github.com/openloadbalancer/olb/internal/conn/pool.go:233.19,236.3 2 1
github.com/openloadbalancer/olb/internal/conn/pool.go:237.2,237.23 1 1
github.com/openloadbalancer/olb/internal/conn/pool.go:248.54,253.2 1 1
github.com/openloadbalancer/olb/internal/conn/pool.go:256.65,261.12 4 1
github.com/openloadbalancer/olb/internal/conn/pool.go:261.12,263.3 1 1
github.com/openloadbalancer/olb/internal/conn/pool.go:265.2,269.49 3 1
github.com/openloadbalancer/olb/internal/conn/pool.go:269.49,271.3 1 0
github.com/openloadbalancer/olb/internal/conn/pool.go:273.2,274.19 2 1
github.com/openloadbalancer/olb/internal/conn/pool.go:274.19,276.3 1 1
github.com/openloadbalancer/olb/internal/conn/pool.go:278.2,288.13 3 1
github.com/openloadbalancer/olb/internal/conn/pool.go:292.59,297.13 4 1
github.com/openloadbalancer/olb/internal/conn/pool.go:297.13,299.3 1 1
github.com/openloadbalancer/olb/internal/conn/pool.go:301.2,302.21 2 1
github.com/openloadbalancer/olb/internal/conn/pool.go:306.32,309.32 3 1
github.com/openloadbalancer/olb/internal/conn/pool.go:309.32,311.3 1 1
github.com/openloadbalancer/olb/internal/conn/pool.go:312.2,315.29 3 1
github.com/openloadbalancer/olb/internal/conn/pool.go:315.29,317.3 1 1
github.com/openloadbalancer/olb/internal/conn/pool.go:321.53,326.33 4 1
github.com/openloadbalancer/olb/internal/conn/pool.go:326.33,328.3 1 1
github.com/openloadbalancer/olb/internal/conn/pool.go:329.2,329.14 1 1
